<?xml version="1.0" encoding="UTF-8"?>
<testng-results skipped="0" failed="0" ignored="0" total="7" passed="7">
  <reporter-output>
  </reporter-output>
  <suite name="Default suite" duration-ms="3089" started-at="2018-03-05T01:42:28Z" finished-at="2018-03-05T01:42:31Z">
    <groups>
    </groups>
    <test name="Default test" duration-ms="3089" started-at="2018-03-05T01:42:28Z" finished-at="2018-03-05T01:42:31Z">
      <class name="GoogleWeather.Get_Request">
        <test-method status="PASS" signature="test1()[pri:0, instance:GoogleWeather.Get_Request@39aeed2f]" name="test1" duration-ms="1743" started-at="2018-03-04T20:42:28Z" finished-at="2018-03-04T20:42:29Z">
          <reporter-output>
          </reporter-output>
        </test-method> <!-- test1 -->
        <test-method status="PASS" signature="test2()[pri:0, instance:GoogleWeather.Get_Request@39aeed2f]" name="test2" duration-ms="110" started-at="2018-03-04T20:42:29Z" finished-at="2018-03-04T20:42:30Z">
          <reporter-output>
          </reporter-output>
        </test-method> <!-- test2 -->
        <test-method status="PASS" signature="test3()[pri:0, instance:GoogleWeather.Get_Request@39aeed2f]" name="test3" duration-ms="164" started-at="2018-03-04T20:42:30Z" finished-at="2018-03-04T20:42:30Z">
          <reporter-output>
          </reporter-output>
        </test-method> <!-- test3 -->
        <test-method status="PASS" signature="test4()[pri:0, instance:GoogleWeather.Get_Request@39aeed2f]" name="test4" duration-ms="91" started-at="2018-03-04T20:42:30Z" finished-at="2018-03-04T20:42:30Z">
          <reporter-output>
          </reporter-output>
        </test-method> <!-- test4 -->
        <test-method status="PASS" signature="test5()[pri:0, instance:GoogleWeather.Get_Request@39aeed2f]" name="test5" duration-ms="689" started-at="2018-03-04T20:42:30Z" finished-at="2018-03-04T20:42:31Z">
          <reporter-output>
          </reporter-output>
        </test-method> <!-- test5 -->
        <test-method status="PASS" signature="test6()[pri:0, instance:GoogleWeather.Get_Request@39aeed2f]" name="test6" duration-ms="155" started-at="2018-03-04T20:42:31Z" finished-at="2018-03-04T20:42:31Z">
          <reporter-output>
          </reporter-output>
        </test-method> <!-- test6 -->
        <test-method status="PASS" signature="test7()[pri:0, instance:GoogleWeather.Get_Request@39aeed2f]" name="test7" duration-ms="65" started-at="2018-03-04T20:42:31Z" finished-at="2018-03-04T20:42:31Z">
          <reporter-output>
          </reporter-output>
        </test-method> <!-- test7 -->
      </class> <!-- GoogleWeather.Get_Request -->
    </test> <!-- Default test -->
  </suite> <!-- Default suite -->
</testng-results>
